[2025-09-28 18:57:07] Processing email request for: saurav (rohit.kumar@gmail.com)
[2025-09-28 18:57:27] Processing email request for: saurav (rohit.kumar@gmail.com)
[2025-09-28 18:57:40] Processing email request for: sdfds (test@gmail.com)
[2025-09-28 18:57:43] Processing email request for: Test User (test@example.com)
[2025-09-28 18:58:38] Processing email request for: Test User (test@example.com)
[2025-09-28 19:01:02] Processing email request for: Test User (test@example.com)
[2025-09-28 19:01:02] Attempting SMTP connection...
[2025-09-28 19:01:06] Email sent successfully.
[2025-09-28 19:01:16] Processing email request for: dsfasf (test@gamil.com)
[2025-09-28 19:01:16] Attempting SMTP connection...
[2025-09-28 19:01:20] Email sent successfully.
[2025-09-28 19:27:10] Processing email request for: saurav (saurav.suman@gmail.com)
[2025-09-28 19:27:10] Attempting SMTP connection...
[2025-09-28 19:27:13] Email sent successfully.
[2025-09-28 18:04:34] Processing email request for: sfdsf (triky@gamil.com)
[2025-09-28 18:04:34] Attempting SMTP connection...
[2025-09-28 18:04:36] Email sent successfully.
[2025-09-30 10:28:04] Processing email request for: Amit Bisht (bishtakb69@gmail.com)
[2025-09-30 10:28:04] Attempting SMTP connection...
[2025-09-30 10:28:06] Email sent successfully.
